<?xml version="1.0" encoding="UTF-8"?>
<testng-results ignored="0" total="1" passed="1" failed="0" skipped="0">
  <reporter-output>
  </reporter-output>
  <suite started-at="2025-02-25T12:56:48 IST" name="Suite" finished-at="2025-02-25T12:56:49 IST" duration-ms="73">
    <groups>
    </groups>
    <test started-at="2025-02-25T12:56:48 IST" name="Test" finished-at="2025-02-25T12:56:49 IST" duration-ms="73">
      <class name="ReadTheData.CreateOrgTest">
        <test-method signature="createOrgTest(org.testng.xml.XmlTest)[pri:0, instance:ReadTheData.CreateOrgTest@55536d9e]" started-at="2025-02-25T12:56:49 IST" name="createOrgTest" finished-at="2025-02-25T12:56:49 IST" duration-ms="9" status="PASS">
          <params>
            <param index="0">
              <value>
                <![CDATA[org.testng.xml.XmlTest@937b4d5d]]>
              </value>
            </param>
          </params>
          <reporter-output>
          </reporter-output>
        </test-method> <!-- createOrgTest -->
      </class> <!-- ReadTheData.CreateOrgTest -->
    </test> <!-- Test -->
  </suite> <!-- Suite -->
</testng-results>
